<?xml version="1.0" encoding="UTF-8"?>
<!-- Generated by org.testng.reporters.JUnitReportReporter -->
<testsuite hostname="ojt14" name="DriverFactory.AppTest" tests="1" failures="0" timestamp="18 Dec 2019 04:21:17 GMT" time="84.859" errors="0">
  <testcase name="startTest" time="84.859" classname="DriverFactory.AppTest"/>
</testsuite> <!-- DriverFactory.AppTest -->
