<?xml version="1.0" encoding="UTF-8"?>
<!-- Generated by org.testng.reporters.JUnitReportReporter -->
<testsuite hostname="ojt14" name="DriverFactory.DriverScript" tests="1" failures="0" timestamp="23 Dec 2019 04:38:40 GMT" time="60.261" errors="0">
  <testcase name="ERP_Test" time="60.261" classname="DriverFactory.DriverScript"/>
</testsuite> <!-- DriverFactory.DriverScript -->
